<?xml version="1.0" encoding="UTF-8"?>
<testng-results ignored="0" total="1" passed="1" failed="0" skipped="0">
  <reporter-output>
  </reporter-output>
  <suite started-at="2022-05-23T00:53:36 CEST" name="runners.TestRunner" finished-at="2022-05-23T00:53:54 CEST" duration-ms="17707">
    <groups>
      <group name="cucumber">
        <method signature="AbstractTestNGCucumberTests.runScenario(io.cucumber.testng.PickleWrapper,io.cucumber.testng.FeatureWrapper)[pri:0, instance:runners.TestRunner@14a2f921]" name="runScenario" class="io.cucumber.testng.AbstractTestNGCucumberTests"/>
      </group> <!-- cucumber -->
    </groups>
    <test started-at="2022-05-23T00:53:36 CEST" name="Command line test" finished-at="2022-05-23T00:53:54 CEST" duration-ms="17707">
      <class name="runners.TestRunner">
        <test-method is-config="true" signature="setUpClass()[pri:0, instance:runners.TestRunner@14a2f921]" started-at="2022-05-23T00:53:36 CEST" name="setUpClass" finished-at="2022-05-23T00:53:37 CEST" duration-ms="739" status="PASS">
          <reporter-output>
          </reporter-output>
        </test-method> <!-- setUpClass -->
        <test-method signature="runScenario(io.cucumber.testng.PickleWrapper,io.cucumber.testng.FeatureWrapper)[pri:0, instance:runners.TestRunner@14a2f921]" started-at="2022-05-23T00:53:37 CEST" name="runScenario" description="Runs Cucumber Scenarios" data-provider="scenarios" finished-at="2022-05-23T00:53:54 CEST" duration-ms="16536" status="PASS">
          <params>
            <param index="0">
              <value>
                <![CDATA["Navigate through the categories, add and delete a product from the cart and fill in the order form"]]>
              </value>
            </param>
            <param index="1">
              <value>
                <![CDATA["Optional[Check the functionalities of the Blaze website]"]]>
              </value>
            </param>
          </params>
          <reporter-output>
          </reporter-output>
        </test-method> <!-- runScenario -->
        <test-method is-config="true" signature="tearDownClass()[pri:0, instance:runners.TestRunner@14a2f921]" started-at="2022-05-23T00:53:54 CEST" name="tearDownClass" finished-at="2022-05-23T00:53:54 CEST" duration-ms="396" status="PASS">
          <reporter-output>
          </reporter-output>
        </test-method> <!-- tearDownClass -->
      </class> <!-- runners.TestRunner -->
    </test> <!-- Command line test -->
  </suite> <!-- runners.TestRunner -->
</testng-results>
